#
# There is insufficient memory for the Java Runtime Environment to continue.
# Native memory allocation (mmap) failed to map 201326592 bytes for G1 virtual space
# Possible reasons:
#   The system is out of physical RAM or swap space
#   The process is running with CompressedOops enabled, and the Java Heap may be blocking the growth of the native heap
# Possible solutions:
#   Reduce memory load on the system
#   Increase physical memory or swap space
#   Check if swap backing store is full
#   Decrease Java heap size (-Xmx/-Xms)
#   Decrease number of Java threads
#   Decrease Java thread stack sizes (-Xss)
#   Set larger code cache with -XX:ReservedCodeCacheSize=
#   JVM is running with Zero Based Compressed Oops mode in which the Java heap is
#     placed in the first 32GB address space. The Java Heap base address is the
#     maximum limit for the native heap growth. Please use -XX:HeapBaseMinAddress
#     to set the Java Heap base and to place the Java Heap above 32GB virtual address.
# This output file may be truncated or incomplete.
#
#  Out of Memory Error (os_windows.cpp:3613), pid=11040, tid=8036
#
# JRE version:  (17.0.9+9) (build )
# Java VM: OpenJDK 64-Bit Server VM (17.0.9+9, mixed mode, sharing, tiered, compressed oops, compressed class ptrs, g1 gc, windows-amd64)
# No core dump will be written. Minidumps are not enabled by default on client versions of Windows
#

---------------  S U M M A R Y ------------

Command Line: -Dfile.encoding=UTF-8 -Dstdout.encoding=UTF-8 -Dstderr.encoding=UTF-8 -XX:+ShowCodeDetailsInExceptionMessages job_application_tracker.Main

Host: Intel(R) Core(TM) i3-4010U CPU @ 1.70GHz, 4 cores, 11G,  Windows 10 , 64 bit Build 19041 (10.0.19041.3636)
Time: Tue May 21 20:09:06 2024 India Standard Time elapsed time: 0.041934 seconds (0d 0h 0m 0s)

---------------  T H R E A D  ---------------

Current thread (0x000001c20083ceb0):  JavaThread "Unknown thread" [_thread_in_vm, id=8036, stack(0x0000008015300000,0x0000008015400000)]

Stack: [0x0000008015300000,0x0000008015400000]
Native frames: (J=compiled Java code, j=interpreted, Vv=VM code, C=native code)
V  [jvm.dll+0x67cf49]
V  [jvm.dll+0x83478a]
V  [jvm.dll+0x83624e]
V  [jvm.dll+0x8368b3]
V  [jvm.dll+0x247f1f]
V  [jvm.dll+0x679d69]
V  [jvm.dll+0x66e6ba]
V  [jvm.dll+0x307e5b]
V  [jvm.dll+0x30f306]
V  [jvm.dll+0x35f0ce]
V  [jvm.dll+0x35f2ff]
V  [jvm.dll+0x2dea58]
V  [jvm.dll+0x2df9c4]
V  [jvm.dll+0x806031]
V  [jvm.dll+0x36cf31]
V  [jvm.dll+0x7e4aac]
V  [jvm.dll+0x3f07af]
V  [jvm.dll+0x3f23e1]
C  [jli.dll+0x528f]
C  [ucrtbase.dll+0x21bb2]
C  [KERNEL32.DLL+0x17344]
C  [ntdll.dll+0x526b1]


---------------  P R O C E S S  ---------------

Threads class SMR info:
_java_thread_list=0x00007ff90c25ee98, length=0, elements={
}

Java Threads: ( => current thread )

Other Threads:
  0x000001c200895ec0 GCTaskThread "GC Thread#0" [stack: 0x0000008015400000,0x0000008015500000] [id=21080]
  0x000001c2008a34c0 ConcurrentGCThread "G1 Main Marker" [stack: 0x0000008015500000,0x0000008015600000] [id=15528]
  0x000001c2008a3ee0 ConcurrentGCThread "G1 Conc#0" [stack: 0x0000008015600000,0x0000008015700000] [id=28880]

[error occurred during error reporting (printing all threads), id 0xc0000005, EXCEPTION_ACCESS_VIOLATION (0xc0000005) at pc=0x00007ff90ba1f497]

VM state: not at safepoint (not fully initialized)

VM Mutex/Monitor currently owned by a thread:  ([mutex/lock_event])
[0x000001c2008387d0] Heap_lock - owner thread: 0x000001c20083ceb0

Heap address: 0x0000000740e00000, size: 3058 MB, Compressed Oops mode: Zero based, Oop shift amount: 3

CDS archive(s) mapped at: [0x0000000000000000-0x0000000000000000-0x0000000000000000), size 0, SharedBaseAddress: 0x0000000800000000, ArchiveRelocationMode: 1.
Narrow klass base: 0x0000000000000000, Narrow klass shift: 0, Narrow klass range: 0x0

GC Precious Log:
<Empty>

Heap:
 garbage-first heap   total 0K, used 0K [0x0000000740e00000, 0x0000000800000000)
  region size 2048K, 0 young (0K), 0 survivors (0K)

[error occurred during error reporting (printing heap information), id 0xc0000005, EXCEPTION_ACCESS_VIOLATION (0xc0000005) at pc=0x00007ff90be06c79]

GC Heap History (0 events):
No events

Dll operation events (1 events):
Event: 0.026 Loaded shared library C:\Program Files\Eclipse\plugins\org.eclipse.justj.openjdk.hotspot.jre.full.win32.x86_64_17.0.9.v20231028-0858\jre\bin\java.dll

Deoptimization events (0 events):
No events

Classes unloaded (0 events):
No events

Classes redefined (0 events):
No events

Internal exceptions (0 events):
No events

VM Operations (0 events):
No events

Events (0 events):
No events


Dynamic libraries:
0x00007ff73a0c0000 - 0x00007ff73a0ce000 	C:\Program Files\Eclipse\plugins\org.eclipse.justj.openjdk.hotspot.jre.full.win32.x86_64_17.0.9.v20231028-0858\jre\bin\javaw.exe
0x00007ff98c970000 - 0x00007ff98cb68000 	C:\WINDOWS\SYSTEM32\ntdll.dll
0x00007ff98c610000 - 0x00007ff98c6cd000 	C:\WINDOWS\System32\KERNEL32.DLL
0x00007ff98a430000 - 0x00007ff98a726000 	C:\WINDOWS\System32\KERNELBASE.dll
0x00007ff98a910000 - 0x00007ff98aa10000 	C:\WINDOWS\System32\ucrtbase.dll
0x00007ff986200000 - 0x00007ff986217000 	C:\Program Files\Eclipse\plugins\org.eclipse.justj.openjdk.hotspot.jre.full.win32.x86_64_17.0.9.v20231028-0858\jre\bin\jli.dll
0x00007ff98b3a0000 - 0x00007ff98b53f000 	C:\WINDOWS\System32\USER32.dll
0x00007ff98a2a0000 - 0x00007ff98a2c2000 	C:\WINDOWS\System32\win32u.dll
0x00007ff98be10000 - 0x00007ff98be3b000 	C:\WINDOWS\System32\GDI32.dll
0x00007ff98a110000 - 0x00007ff98a227000 	C:\WINDOWS\System32\gdi32full.dll
0x00007ff98a7e0000 - 0x00007ff98a87d000 	C:\WINDOWS\System32\msvcp_win.dll
0x00007ff979a90000 - 0x00007ff979d2a000 	C:\WINDOWS\WinSxS\amd64_microsoft.windows.common-controls_6595b64144ccf1df_6.0.19041.4355_none_60b8b9eb71f62e16\COMCTL32.dll
0x00007ff98b1f0000 - 0x00007ff98b28e000 	C:\WINDOWS\System32\msvcrt.dll
0x00007ff97fd80000 - 0x00007ff97fd9b000 	C:\Program Files\Eclipse\plugins\org.eclipse.justj.openjdk.hotspot.jre.full.win32.x86_64_17.0.9.v20231028-0858\jre\bin\VCRUNTIME140.dll
0x00007ff98b2f0000 - 0x00007ff98b322000 	C:\WINDOWS\System32\IMM32.DLL
0x00007ff987810000 - 0x00007ff98781c000 	C:\Program Files\Eclipse\plugins\org.eclipse.justj.openjdk.hotspot.jre.full.win32.x86_64_17.0.9.v20231028-0858\jre\bin\vcruntime140_1.dll
0x00007ff96bc60000 - 0x00007ff96bced000 	C:\Program Files\Eclipse\plugins\org.eclipse.justj.openjdk.hotspot.jre.full.win32.x86_64_17.0.9.v20231028-0858\jre\bin\msvcp140.dll
0x00007ff90b730000 - 0x00007ff90c391000 	C:\Program Files\Eclipse\plugins\org.eclipse.justj.openjdk.hotspot.jre.full.win32.x86_64_17.0.9.v20231028-0858\jre\bin\server\jvm.dll
0x00007ff98c880000 - 0x00007ff98c930000 	C:\WINDOWS\System32\ADVAPI32.dll
0x00007ff98b600000 - 0x00007ff98b6a0000 	C:\WINDOWS\System32\sechost.dll
0x00007ff98ac30000 - 0x00007ff98ad53000 	C:\WINDOWS\System32\RPCRT4.dll
0x00007ff98aa60000 - 0x00007ff98aa87000 	C:\WINDOWS\System32\bcrypt.dll
0x00007ff989690000 - 0x00007ff9896db000 	C:\WINDOWS\SYSTEM32\POWRPROF.dll
0x00007ff96d870000 - 0x00007ff96d879000 	C:\WINDOWS\SYSTEM32\WSOCK32.dll
0x00007ff98b330000 - 0x00007ff98b39b000 	C:\WINDOWS\System32\WS2_32.dll
0x00007ff97ea40000 - 0x00007ff97ea67000 	C:\WINDOWS\SYSTEM32\WINMM.dll
0x00007ff982db0000 - 0x00007ff982dba000 	C:\WINDOWS\SYSTEM32\VERSION.dll
0x00007ff989500000 - 0x00007ff989512000 	C:\WINDOWS\SYSTEM32\UMPDC.dll
0x00007ff987f90000 - 0x00007ff987fa2000 	C:\WINDOWS\SYSTEM32\kernel.appcore.dll
0x00007ff979ef0000 - 0x00007ff979efa000 	C:\Program Files\Eclipse\plugins\org.eclipse.justj.openjdk.hotspot.jre.full.win32.x86_64_17.0.9.v20231028-0858\jre\bin\jimage.dll
0x00007ff977b60000 - 0x00007ff977d44000 	C:\WINDOWS\SYSTEM32\DBGHELP.DLL
0x00007ff977870000 - 0x00007ff9778a4000 	C:\WINDOWS\SYSTEM32\dbgcore.DLL
0x00007ff98a880000 - 0x00007ff98a902000 	C:\WINDOWS\System32\bcryptPrimitives.dll
0x00007ff95f430000 - 0x00007ff95f455000 	C:\Program Files\Eclipse\plugins\org.eclipse.justj.openjdk.hotspot.jre.full.win32.x86_64_17.0.9.v20231028-0858\jre\bin\java.dll

dbghelp: loaded successfully - version: 4.0.5 - missing functions: none
symbol engine: initialized successfully - sym options: 0x614 - pdb path: .;C:\Program Files\Eclipse\plugins\org.eclipse.justj.openjdk.hotspot.jre.full.win32.x86_64_17.0.9.v20231028-0858\jre\bin;C:\WINDOWS\SYSTEM32;C:\WINDOWS\WinSxS\amd64_microsoft.windows.common-controls_6595b64144ccf1df_6.0.19041.4355_none_60b8b9eb71f62e16;C:\Program Files\Eclipse\plugins\org.eclipse.justj.openjdk.hotspot.jre.full.win32.x86_64_17.0.9.v20231028-0858\jre\bin\server

VM Arguments:
jvm_args: -Dfile.encoding=UTF-8 -Dstdout.encoding=UTF-8 -Dstderr.encoding=UTF-8 -XX:+ShowCodeDetailsInExceptionMessages 
java_command: job_application_tracker.Main
java_class_path (initial): C:\Users\Bharath Srinath\Documents\GitHub\web-development\3.backend\java-stack\1.java\job_application_tracker\bin;C:\Users\Bharath Srinath\Documents\GitHub\web-development\3.backend\java-stack\1.java\jdbc\mysql-connector-j-8.4.0.jar
Launcher Type: SUN_STANDARD

[Global flags]
     intx CICompilerCount                          = 3                                         {product} {ergonomic}
     uint ConcGCThreads                            = 1                                         {product} {ergonomic}
     uint G1ConcRefinementThreads                  = 4                                         {product} {ergonomic}
   size_t G1HeapRegionSize                         = 2097152                                   {product} {ergonomic}
    uintx GCDrainStackTargetSize                   = 64                                        {product} {ergonomic}
   size_t InitialHeapSize                          = 201326592                                 {product} {ergonomic}
   size_t MarkStackSize                            = 4194304                                   {product} {ergonomic}
   size_t MaxHeapSize                              = 3206545408                                {product} {ergonomic}
   size_t MinHeapDeltaBytes                        = 2097152                                   {product} {ergonomic}
   size_t MinHeapSize                              = 8388608                                   {product} {ergonomic}
    uintx NonNMethodCodeHeapSize                   = 5832780                                {pd product} {ergonomic}
    uintx NonProfiledCodeHeapSize                  = 122912730                              {pd product} {ergonomic}
    uintx ProfiledCodeHeapSize                     = 122912730                              {pd product} {ergonomic}
    uintx ReservedCodeCacheSize                    = 251658240                              {pd product} {ergonomic}
     bool SegmentedCodeCache                       = true                                      {product} {ergonomic}
     bool ShowCodeDetailsInExceptionMessages       = true                                   {manageable} {command line}
   size_t SoftMaxHeapSize                          = 3206545408                             {manageable} {ergonomic}
     bool UseCompressedClassPointers               = true                           {product lp64_product} {ergonomic}
     bool UseCompressedOops                        = true                           {product lp64_product} {ergonomic}
     bool UseG1GC                                  = true                                      {product} {ergonomic}
     bool UseLargePagesIndividualAllocation        = false                                  {pd product} {ergonomic}

Logging:
Log output configuration:
 #0: stdout all=warning uptime,level,tags
 #1: stderr all=off uptime,level,tags

Environment Variables:
JAVA_HOME=C:\Program Files\Java\jdk-17
PATH=C:/Program Files/Eclipse//plugins/org.eclipse.justj.openjdk.hotspot.jre.full.win32.x86_64_17.0.9.v20231028-0858/jre/bin/server;C:/Program Files/Eclipse//plugins/org.eclipse.justj.openjdk.hotspot.jre.full.win32.x86_64_17.0.9.v20231028-0858/jre/bin;C:\Program Files\Common Files\Oracle\Java\javapath;C:\Python312\Scripts\;C:\Python312\;C:\WINDOWS\system32;C:\WINDOWS;C:\WINDOWS\System32\Wbem;C:\WINDOWS\System32\WindowsPowerShell\v1.0\;C:\WINDOWS\System32\OpenSSH\;C:\MinGW\bin;C:\Users\Bharath Srinath\AppData\Local\Programs\Microsoft VS Code\bin;C:\Git\cmd;C:\Users\Bharath Srinath;C:\ProgramData\chocolatey\bin;C:\Program Files\nodejs\;C:\Users\Bharath Srinath\AppData\Roaming\Python\Python312\Scripts;C:\Program Files\Java\jdk-17\bin;C:\Program Files (x86)\Microsoft SQL Server\160\Tools\Binn\;C:\Program Files\Microsoft SQL Server\160\Tools\Binn\;C:\Program Files\Microsoft SQL Server\Client SDK\ODBC\170\Tools\Binn\;C:\Program Files\Microsoft SQL Server\160\DTS\Binn\;C:\Program Files (x86)\Microsoft SQL Server\160\DTS\Binn\;C:\Users\Bharath Srinath\AppData\Local\Programs\Python\Python311\Scripts\;C:\Users\Bharath Srinath\AppData\Local\Programs\Python\Python311\;C:\Users\Bharath Srinath\AppData\Local\Microsoft\WindowsApps;C:\Users\Bharath Srinath\AppData\Local\GitHubDesktop\bin;C:\ProgramData\Bharath Srinath\GitHubDesktop\bin;;C:\Microsoft VS Code\bin;C:\Users\Bharath Srinath\AppData\Roaming\npm;C:\Program Files\JetBrains\PyCharm Community Edition 2023.2.5\bin;;C:\Program Files\heroku\bin;C:\Users\Bharath Srinath\AppData\Local\Programs\mongosh\;C:\Program Files\Eclipse;
USERNAME=Bharath Srinath
OS=Windows_NT
PROCESSOR_IDENTIFIER=Intel64 Family 6 Model 69 Stepping 1, GenuineIntel
TMP=C:\Users\BHARAT~1\AppData\Local\Temp
TEMP=C:\Users\BHARAT~1\AppData\Local\Temp



Periodic native trim disabled


---------------  S Y S T E M  ---------------

OS:
 Windows 10 , 64 bit Build 19041 (10.0.19041.3636)
OS uptime: 4 days 2:43 hours

CPU: total 4 (initial active 4) (2 cores per cpu, 2 threads per core) family 6 model 69 stepping 1 microcode 0x25, cx8, cmov, fxsr, ht, mmx, sse, sse2, sse3, ssse3, sse4.1, sse4.2, popcnt, lzcnt, tsc, tscinvbit, avx, avx2, aes, erms, clmul, bmi1, bmi2, fma, vzeroupper, clflush
Processor Information for all 4 processors :
  Max Mhz: 1701, Current Mhz: 1701, Mhz Limit: 1701

Memory: 4k page, system-wide physical 12224M (2742M free)
TotalPageFile size 40675M (AvailPageFile size 180M)
current process WorkingSet (physical memory assigned to process): 10M, peak: 10M
current process commit charge ("private bytes"): 51M, peak: 243M

vm_info: OpenJDK 64-Bit Server VM (17.0.9+9) for windows-amd64 JRE (17.0.9+9), built on Oct 26 2023 14:01:42 by "admin" with MS VC++ 16.10 / 16.11 (VS2019)

END.
